0 info it worked if it ends with ok
1 verbose cli [ 'node', '/usr/local/bin/npm', 'publish', 'grunt-git-remover' ]
2 info using npm@1.2.21
3 info using node@v0.10.7
4 verbose publish [ 'grunt-git-remover' ]
5 verbose read json /Users/savenok/Public/Drop Box/js/temp/grunt-git-remover/grunt-git-remover/package.json
6 verbose cache add [ 'grunt-git-remover', null ]
7 verbose cache add name=undefined spec="grunt-git-remover" args=["grunt-git-remover",null]
8 verbose parsed url { protocol: null,
8 verbose parsed url   slashes: null,
8 verbose parsed url   auth: null,
8 verbose parsed url   host: null,
8 verbose parsed url   port: null,
8 verbose parsed url   hostname: null,
8 verbose parsed url   hash: null,
8 verbose parsed url   search: null,
8 verbose parsed url   query: null,
8 verbose parsed url   pathname: 'grunt-git-remover',
8 verbose parsed url   path: 'grunt-git-remover',
8 verbose parsed url   href: 'grunt-git-remover' }
9 silly lockFile 3a13119e-grunt-git-remover grunt-git-remover
10 verbose lock grunt-git-remover /Users/savenok/.npm/3a13119e-grunt-git-remover.lock
11 silly lockFile 3a13119e-grunt-git-remover grunt-git-remover
12 silly lockFile 3a13119e-grunt-git-remover grunt-git-remover
13 verbose addNamed [ 'grunt-git-remover', '' ]
14 verbose addNamed [ null, '' ]
15 silly lockFile 7865c673-grunt-git-remover grunt-git-remover@
16 verbose lock grunt-git-remover@ /Users/savenok/.npm/7865c673-grunt-git-remover.lock
17 silly addNameRange { name: 'grunt-git-remover', range: '', hasData: false }
18 verbose url raw grunt-git-remover
19 verbose url resolving [ 'https://registry.npmjs.org/', './grunt-git-remover' ]
20 verbose url resolved https://registry.npmjs.org/grunt-git-remover
21 info trying registry request attempt 1 at 21:11:34
22 http GET https://registry.npmjs.org/grunt-git-remover
23 http 404 https://registry.npmjs.org/grunt-git-remover
24 silly registry.get cb [ 404,
24 silly registry.get   { date: 'Wed, 23 Apr 2014 17:11:36 GMT',
24 silly registry.get     server: 'CouchDB/1.5.0 (Erlang OTP/R14B04)',
24 silly registry.get     'content-type': 'application/json',
24 silly registry.get     via: '1.1 varnish',
24 silly registry.get     'cache-control': 'max-age=0',
24 silly registry.get     'content-length': '52',
24 silly registry.get     'accept-ranges': 'bytes',
24 silly registry.get     age: '0',
24 silly registry.get     'x-served-by': 'cache-v37-ASH, cache-am77-AMS',
24 silly registry.get     'x-cache': 'MISS, MISS',
24 silly registry.get     'x-cache-hits': '0, 0',
24 silly registry.get     'x-timer': 'S1398273095.929505348,VS0,VS4,VE92,VE177',
24 silly registry.get     'keep-alive': 'timeout=10, max=50',
24 silly registry.get     connection: 'Keep-Alive' } ]
25 silly lockFile 7865c673-grunt-git-remover grunt-git-remover@
26 silly lockFile 7865c673-grunt-git-remover grunt-git-remover@
27 error 404 'grunt-git-remover' is not in the npm registry.
27 error 404 You should bug the author to publish it
27 error 404
27 error 404 Note that you can also install from a
27 error 404 tarball, folder, or http url, or git url.
28 error System Darwin 12.4.0
29 error command "node" "/usr/local/bin/npm" "publish" "grunt-git-remover"
30 error cwd /Users/savenok/Public/Drop Box/js/temp/grunt-git-remover
31 error node -v v0.10.7
32 error npm -v 1.2.21
33 error code E404
34 verbose exit [ 1, true ]
